{
  "stats": {
    "suites": 1,
    "tests": 1,
    "passes": 1,
    "pending": 0,
    "failures": 0,
    "start": "2020-07-15T00:27:00.288Z",
    "end": "2020-07-15T00:27:03.604Z",
    "duration": 3316,
    "testsRegistered": 1,
    "passPercent": 100,
    "pendingPercent": 0,
    "other": 0,
    "hasOther": false,
    "skipped": 0,
    "hasSkipped": false
  },
  "results": [
    {
      "uuid": "09241a1d-cf89-46d8-9ea2-7f5aab753be0",
      "title": "",
      "fullFile": "cypress/integration/examples/eademoapp.spec.js",
      "file": "cypress/integration/examples/eademoapp.spec.js",
      "beforeHooks": [],
      "afterHooks": [],
      "tests": [],
      "suites": [
        {
          "uuid": "cb441aef-7777-49f3-856a-df92a0ad1324",
          "title": "Test pop up window",
          "fullFile": "",
          "file": "",
          "beforeHooks": [],
          "afterHooks": [],
          "tests": [
            {
              "title": "Perform login",
              "fullTitle": "Test pop up window Perform login",
              "timedOut": null,
              "duration": 1975,
              "state": "passed",
              "speed": "slow",
              "pass": true,
              "fail": false,
              "pending": false,
              "context": "\"../cypress/videos/examples/eademoapp.spec.js.mp4\"",
              "code": "cy.get(\"[name='UserName']\").type(\"admin\");\ncy.get(\"[name='Password']\").type(\"password\");\ncy.get(':nth-child(3) > input').click(); //click the generate pop up button\ncy.get(\"[name='generate']\").click();\ncy.on('window.window:confirm', function (str) {\n  expect(str).to.eq('You generated a Javascript alet');\n  return true;\n});",
              "err": {},
              "uuid": "cc8d126c-c0d4-4cb6-88f2-813e4c60159c",
              "parentUUID": "cb441aef-7777-49f3-856a-df92a0ad1324",
              "isHook": false,
              "skipped": false
            }
          ],
          "suites": [],
          "passes": [
            "cc8d126c-c0d4-4cb6-88f2-813e4c60159c"
          ],
          "failures": [],
          "pending": [],
          "skipped": [],
          "duration": 1975,
          "root": false,
          "rootEmpty": false,
          "_timeout": 2000
        }
      ],
      "passes": [],
      "failures": [],
      "pending": [],
      "skipped": [],
      "duration": 0,
      "root": true,
      "rootEmpty": true,
      "_timeout": 2000
    }
  ],
  "meta": {
    "mocha": {
      "version": "7.0.1"
    },
    "mochawesome": {
      "options": {
        "quiet": true,
        "reportFilename": "mochawesome",
        "saveHtml": false,
        "saveJson": true,
        "consoleReporter": "spec",
        "useInlineDiffs": false,
        "code": true
      },
      "version": "6.1.1"
    },
    "marge": {
      "options": {
        "id": "default",
        "quiet": true,
        "overwrite": true,
        "html": false,
        "json": true
      },
      "version": "5.1.0"
    }
  }
}