{
  "stats": {
    "suites": 1,
    "tests": 1,
    "passes": 1,
    "pending": 0,
    "failures": 0,
    "start": "2020-07-14T22:02:32.210Z",
    "end": "2020-07-14T22:03:52.689Z",
    "duration": 80479,
    "testsRegistered": 1,
    "passPercent": 100,
    "pendingPercent": 0,
    "other": 0,
    "hasOther": false,
    "skipped": 0,
    "hasSkipped": false
  },
  "results": [
    {
      "uuid": "4c44dd46-772f-417f-a989-90a33af4f1c3",
      "title": "",
      "fullFile": "cypress/integration/examples/eademoapp.spec.js",
      "file": "cypress/integration/examples/eademoapp.spec.js",
      "beforeHooks": [],
      "afterHooks": [],
      "tests": [],
      "suites": [
        {
          "uuid": "8d23faa9-c3e3-4c3f-b69b-16a0a442d269",
          "title": "Test pop up window",
          "fullFile": "",
          "file": "",
          "beforeHooks": [],
          "afterHooks": [],
          "tests": [
            {
              "title": "Perform login",
              "fullTitle": "Test pop up window Perform login",
              "timedOut": null,
              "duration": 1946,
              "state": "passed",
              "speed": "slow",
              "pass": true,
              "fail": false,
              "pending": false,
              "context": null,
              "code": "cy.get(\"[name='UserName']\").type(\"admin\");\ncy.get(\"[name='Password']\").type(\"password\");\ncy.get(':nth-child(3) > input').click(); //click the generate pop up button\ncy.get(\"[name='generate']\").click();\ncy.on('window.window:confirm', function (str) {\n  expect(str).to.eq('You generated a Javascript alet');\n  return true;\n});",
              "err": {},
              "uuid": "bc8c6798-4f1a-4892-9a01-3fcaac07c790",
              "parentUUID": "8d23faa9-c3e3-4c3f-b69b-16a0a442d269",
              "isHook": false,
              "skipped": false
            }
          ],
          "suites": [],
          "passes": [
            "bc8c6798-4f1a-4892-9a01-3fcaac07c790"
          ],
          "failures": [],
          "pending": [],
          "skipped": [],
          "duration": 1946,
          "root": false,
          "rootEmpty": false,
          "_timeout": 2000
        }
      ],
      "passes": [],
      "failures": [],
      "pending": [],
      "skipped": [],
      "duration": 0,
      "root": true,
      "rootEmpty": true,
      "_timeout": 2000
    }
  ],
  "meta": {
    "mocha": {
      "version": "7.0.1"
    },
    "mochawesome": {
      "options": {
        "quiet": true,
        "reportFilename": "mochawesome",
        "saveHtml": false,
        "saveJson": true,
        "consoleReporter": "spec",
        "useInlineDiffs": false,
        "code": true
      },
      "version": "6.1.1"
    },
    "marge": {
      "options": {
        "id": "default",
        "reportDir": "./mochawesome-report",
        "quiet": true,
        "overwrite": false,
        "html": false,
        "json": true
      },
      "version": "5.1.0"
    }
  }
}